2025-04-20 11:51:28,251 - src.utils.logger - INFO - Starting network path optimization pipeline
2025-04-20 11:51:28,400 - src.utils.logger - INFO - Initial DataFrame shape: (8000, 18)
2025-04-20 11:51:29,158 - src.utils.logger - INFO - path_cost column created successfully
2025-04-20 11:51:29,159 - src.utils.logger - INFO - path_cost head: 0    31.046197
1    10.058382
2    14.199641
3    10.209575
4    10.218587
Name: path_cost, dtype: float64
2025-04-20 11:51:29,161 - src.utils.logger - INFO - FastEthernet packet_loss: mean=9.7757, std=15.9081
2025-04-20 11:51:29,162 - src.utils.logger - INFO - GigabitEthernet packet_loss: mean=9.7049, std=15.9792
2025-04-20 11:51:29,163 - src.utils.logger - INFO - TenGigabitEthernet packet_loss: mean=9.9649, std=16.2923
2025-04-20 11:51:29,163 - src.utils.logger - INFO - packet_loss statistics: mean=9.8150, std=16.0606
2025-04-20 11:51:29,165 - src.utils.logger - INFO - packet_loss quantiles: 0.25     0.0000
0.50     1.7300
0.75    13.0025
0.95    50.1810
Name: packet_loss, dtype: float64
2025-04-20 11:51:29,165 - src.utils.logger - INFO - High packet loss (>10): 2128 samples, 26.60%
2025-04-20 11:51:29,205 - src.utils.logger - INFO - Generated data summary:
       as_path_length   local_pref  ...  latency_bandwidth_ratio_log    path_cost
count     8000.000000  8000.000000  ...                  8000.000000  8000.000000
mean         1.658750   111.427500  ...                     0.230661    16.028310
std          0.783821    37.056833  ...                     0.552323    10.199043
min          1.000000    80.000000  ...                     0.001000     4.780080
25%          1.000000    90.000000  ...                     0.003892     8.803249
50%          1.000000   100.000000  ...                     0.025863    10.912015
75%          2.000000   120.000000  ...                     0.095310    25.203568
max          3.000000   250.000000  ...                     4.285658    60.929744

[8 rows x 25 columns]
2025-04-20 11:51:29,206 - src.utils.logger - INFO - is_best distribution: is_best
0    0.97475
1    0.02525
Name: proportion, dtype: float64
2025-04-20 11:51:29,206 - src.utils.logger - INFO - jitter summary: mean=13.0027, std=15.2447
2025-04-20 11:51:29,207 - src.utils.logger - INFO - rtt summary: mean=80.9451, std=63.0716
2025-04-20 11:51:29,207 - src.utils.logger - INFO - cpu_usage summary: mean=38.9751, std=18.2304
2025-04-20 11:51:29,207 - src.utils.logger - INFO - memory_usage summary: mean=46.0968, std=15.0160
2025-04-20 11:51:29,207 - src.utils.logger - INFO - queue_length summary: mean=41.6760, std=59.5625
2025-04-20 11:51:29,207 - src.utils.logger - INFO - route_stability summary: mean=4.6898, std=5.4729
2025-04-20 11:51:29,207 - src.utils.logger - INFO - latency_bandwidth_ratio summary: mean=0.7281, std=2.9972
2025-04-20 11:51:29,207 - src.utils.logger - INFO - path_cost summary: mean=16.0283, std=10.1990
2025-04-20 11:51:29,207 - src.utils.logger - INFO - Final DataFrame shape: (8000, 25)
2025-04-20 11:51:29,208 - src.utils.logger - INFO - Training classification model
2025-04-20 11:51:29,383 - src.utils.logger - INFO - Classification data: y_train distribution: (array([0, 1]), array([6238, 6238]))
2025-04-20 11:51:45,291 - src.utils.logger - INFO - Test Accuracy: 98.25%
2025-04-20 11:51:45,488 - src.utils.logger - INFO - Saved plot to ./chart/Classification_12476.png
2025-04-20 11:51:45,488 - src.utils.logger - INFO - Training regression model
2025-04-20 11:51:45,490 - src.utils.logger - INFO - After dropping NaN: Data shape=(8000, 25)
2025-04-20 11:51:45,493 - src.utils.logger - INFO - Raw data: X shape=(8000, 22), y shape=(8000,)
2025-04-20 11:51:45,494 - src.utils.logger - INFO - After split: X_train shape=(6400, 22), y_train shape=(6400,), X_test shape=(1600, 22), y_test shape=(1600,)
2025-04-20 11:51:45,499 - src.utils.logger - INFO - After scaling: X_train shape=(6400, 22), y_train shape=(6400,)
2025-04-20 11:51:45,501 - src.utils.logger - INFO - Regression data: y_train mean=0.0000, std=1.0000
2025-04-20 11:52:12,949 - src.utils.logger - INFO - Saved plot to ./chart/Regression_6400.png
2025-04-20 11:52:12,949 - src.utils.logger - INFO - Pipeline completed successfully
2025-04-20 12:05:13,692 - src.utils.logger - INFO - Starting network path optimization pipeline
2025-04-20 12:05:13,821 - src.utils.logger - INFO - Initial DataFrame shape: (8000, 18)
2025-04-20 12:05:14,276 - src.utils.logger - ERROR - Pipeline failed: 'is_Fast'
2025-04-20 12:07:48,167 - src.utils.logger - INFO - Starting network path optimization pipeline
2025-04-20 12:07:48,320 - src.utils.logger - INFO - Initial DataFrame shape: (8000, 18)
2025-04-20 12:07:49,088 - src.utils.logger - INFO - path_cost column created successfully
2025-04-20 12:07:49,089 - src.utils.logger - INFO - path_cost head: 0     8.390675
1    29.347625
2    12.395435
3    14.358576
4    12.801655
Name: path_cost, dtype: float64
2025-04-20 12:07:49,090 - src.utils.logger - INFO - FastEthernet packet_loss: mean=9.9701, std=16.1100
2025-04-20 12:07:49,091 - src.utils.logger - INFO - GigabitEthernet packet_loss: mean=9.3824, std=15.5836
2025-04-20 12:07:49,092 - src.utils.logger - INFO - TenGigabitEthernet packet_loss: mean=8.9859, std=15.4279
2025-04-20 12:07:49,092 - src.utils.logger - INFO - packet_loss statistics: mean=9.4428, std=15.7100
2025-04-20 12:07:49,093 - src.utils.logger - INFO - packet_loss quantiles: 0.25     0.0000
0.50     1.7500
0.75    11.0650
0.95    49.9005
Name: packet_loss, dtype: float64
2025-04-20 12:07:49,094 - src.utils.logger - INFO - High packet loss (>10): 2045 samples, 25.56%
2025-04-20 12:07:49,137 - src.utils.logger - INFO - Generated data summary:
       as_path_length   local_pref  ...  latency_bandwidth_ratio_log    path_cost
count     8000.000000  8000.000000  ...                  8000.000000  8000.000000
mean         1.665750   111.448750  ...                     0.230541    15.827767
std          0.786037    36.957196  ...                     0.552022    10.140236
min          1.000000    80.000000  ...                     0.001000     4.875860
25%          1.000000    90.000000  ...                     0.003195     8.770212
50%          1.000000   100.000000  ...                     0.025863    10.807960
75%          2.000000   120.000000  ...                     0.095310    24.324134
max          3.000000   250.000000  ...                     4.247073    63.596695

[8 rows x 25 columns]
2025-04-20 12:07:49,138 - src.utils.logger - INFO - is_best distribution: is_best
0    0.973625
1    0.026375
Name: proportion, dtype: float64
2025-04-20 12:07:49,138 - src.utils.logger - INFO - jitter summary: mean=12.7127, std=15.1787
2025-04-20 12:07:49,138 - src.utils.logger - INFO - rtt summary: mean=79.4776, std=62.2740
2025-04-20 12:07:49,138 - src.utils.logger - INFO - cpu_usage summary: mean=39.2050, std=18.2529
2025-04-20 12:07:49,138 - src.utils.logger - INFO - memory_usage summary: mean=45.9420, std=14.9994
2025-04-20 12:07:49,138 - src.utils.logger - INFO - queue_length summary: mean=41.1781, std=59.8291
2025-04-20 12:07:49,138 - src.utils.logger - INFO - route_stability summary: mean=4.5780, std=5.4434
2025-04-20 12:07:49,138 - src.utils.logger - INFO - latency_bandwidth_ratio summary: mean=0.7413, std=3.2076
2025-04-20 12:07:49,138 - src.utils.logger - INFO - path_cost summary: mean=15.8278, std=10.1402
2025-04-20 12:07:49,138 - src.utils.logger - INFO - Final DataFrame shape: (8000, 25)
2025-04-20 12:07:49,139 - src.utils.logger - INFO - Training classification model
2025-04-20 12:07:49,324 - src.utils.logger - INFO - Classification data: y_train distribution: (array([0, 1]), array([6231, 6231]))
2025-04-20 12:08:10,482 - src.utils.logger - INFO - Test Accuracy: 98.50%
2025-04-20 12:08:10,686 - src.utils.logger - INFO - Saved plot to ./chart/Classification_12462.png
2025-04-20 12:08:10,686 - src.utils.logger - INFO - Training regression model
2025-04-20 12:08:10,688 - src.utils.logger - INFO - After dropping NaN: Data shape=(8000, 25)
2025-04-20 12:08:10,689 - src.utils.logger - INFO - Raw data: X shape=(8000, 22), y shape=(8000,)
2025-04-20 12:08:10,690 - src.utils.logger - INFO - After split: X_train shape=(6400, 22), y_train shape=(6400,), X_test shape=(1600, 22), y_test shape=(1600,)
2025-04-20 12:08:10,694 - src.utils.logger - INFO - After scaling: X_train shape=(6400, 22), y_train shape=(6400,)
2025-04-20 12:08:10,695 - src.utils.logger - INFO - Regression data: y_train mean=0.0000, std=1.0000
2025-04-20 12:08:38,798 - src.utils.logger - INFO - Saved plot to ./chart/Regression_6400.png
2025-04-20 12:08:38,799 - src.utils.logger - INFO - Pipeline completed successfully
2025-04-20 13:29:04,723 - src.utils.logger - INFO - Starting network path optimization pipeline
2025-04-20 13:29:04,962 - src.utils.logger - INFO - Initial DataFrame shape: (8000, 18)
2025-04-20 13:29:05,734 - src.utils.logger - INFO - path_cost column created successfully
2025-04-20 13:29:05,735 - src.utils.logger - INFO - path_cost head: 0    12.321355
1    14.885538
2    10.125975
3    56.095410
4    29.840046
Name: path_cost, dtype: float64
2025-04-20 13:29:05,735 - src.utils.logger - INFO - FastEthernet packet_loss: mean=9.8373, std=16.0294
2025-04-20 13:29:05,736 - src.utils.logger - INFO - GigabitEthernet packet_loss: mean=9.0989, std=15.5349
2025-04-20 13:29:05,737 - src.utils.logger - INFO - TenGigabitEthernet packet_loss: mean=10.5468, std=16.6724
2025-04-20 13:29:05,737 - src.utils.logger - INFO - packet_loss statistics: mean=9.8302, std=16.0961
2025-04-20 13:29:05,739 - src.utils.logger - INFO - packet_loss quantiles: 0.25     0.000
0.50     1.770
0.75    12.525
0.95    50.100
Name: packet_loss, dtype: float64
2025-04-20 13:29:05,739 - src.utils.logger - INFO - High packet loss (>10): 2119 samples, 26.49%
2025-04-20 13:29:05,775 - src.utils.logger - INFO - Generated data summary:
       as_path_length   local_pref  ...  latency_bandwidth_ratio_log    path_cost
count     8000.000000  8000.000000  ...                  8000.000000  8000.000000
mean         1.656500   111.560000  ...                     0.232656    16.049452
std          0.784592    37.425145  ...                     0.557252    10.143756
min          1.000000    80.000000  ...                     0.001000     4.918820
25%          1.000000    90.000000  ...                     0.004390     8.820575
50%          1.000000   100.000000  ...                     0.030578    10.974665
75%          2.000000   120.000000  ...                     0.095310    25.117947
max          3.000000   250.000000  ...                     4.301804    65.492774

[8 rows x 25 columns]
2025-04-20 13:29:05,776 - src.utils.logger - INFO - is_best distribution: is_best
0    0.97575
1    0.02425
Name: proportion, dtype: float64
2025-04-20 13:29:05,776 - src.utils.logger - INFO - jitter summary: mean=13.0121, std=15.1777
2025-04-20 13:29:05,776 - src.utils.logger - INFO - rtt summary: mean=80.4827, std=62.4234
2025-04-20 13:29:05,776 - src.utils.logger - INFO - cpu_usage summary: mean=38.9770, std=18.3799
2025-04-20 13:29:05,777 - src.utils.logger - INFO - memory_usage summary: mean=45.9532, std=15.0325
2025-04-20 13:29:05,777 - src.utils.logger - INFO - queue_length summary: mean=42.5724, std=60.2665
2025-04-20 13:29:05,777 - src.utils.logger - INFO - route_stability summary: mean=4.7099, std=5.4553
2025-04-20 13:29:05,777 - src.utils.logger - INFO - latency_bandwidth_ratio summary: mean=0.7524, std=3.1715
2025-04-20 13:29:05,777 - src.utils.logger - INFO - path_cost summary: mean=16.0495, std=10.1438
2025-04-20 13:29:05,777 - src.utils.logger - INFO - Final DataFrame shape: (8000, 25)
2025-04-20 13:29:05,778 - src.utils.logger - INFO - Training classification model
2025-04-20 13:29:05,948 - src.utils.logger - INFO - Classification data: y_train distribution: (array([0, 1]), array([6245, 6245]))
2025-04-20 13:29:24,221 - src.utils.logger - INFO - Test Accuracy: 98.44%
2025-04-20 13:29:24,465 - src.utils.logger - INFO - Saved plot to ./chart/Classification_12490.png
2025-04-20 13:29:24,465 - src.utils.logger - INFO - Training regression model
2025-04-20 13:29:24,468 - src.utils.logger - INFO - After dropping NaN: Data shape=(8000, 25)
2025-04-20 13:29:24,469 - src.utils.logger - INFO - Raw data: X shape=(8000, 22), y shape=(8000,)
2025-04-20 13:29:24,471 - src.utils.logger - INFO - After split: X_train shape=(6400, 22), y_train shape=(6400,), X_test shape=(1600, 22), y_test shape=(1600,)
2025-04-20 13:29:24,475 - src.utils.logger - INFO - After scaling: X_train shape=(6400, 22), y_train shape=(6400,)
2025-04-20 13:29:24,477 - src.utils.logger - INFO - Regression data: y_train mean=-0.0000, std=1.0000
2025-04-20 13:29:56,271 - src.utils.logger - INFO - Saved plot to ./chart/Regression_6400.png
2025-04-20 13:29:56,271 - src.utils.logger - INFO - Pipeline completed successfully
2025-04-20 13:42:58,206 - src.utils.logger - INFO - Starting network path optimization pipeline
2025-04-20 13:42:58,484 - src.utils.logger - INFO - Initial DataFrame shape: (8000, 18)
2025-04-20 13:42:59,508 - src.utils.logger - INFO - path_cost column created successfully
2025-04-20 13:42:59,509 - src.utils.logger - INFO - path_cost head: 0    12.400035
1    18.073260
2    10.402355
3     9.553920
4    30.641648
Name: path_cost, dtype: float64
2025-04-20 13:42:59,510 - src.utils.logger - INFO - FastEthernet packet_loss: mean=9.9001, std=16.2337
2025-04-20 13:42:59,511 - src.utils.logger - INFO - GigabitEthernet packet_loss: mean=9.6018, std=15.6145
2025-04-20 13:42:59,511 - src.utils.logger - INFO - TenGigabitEthernet packet_loss: mean=9.9716, std=15.9373
2025-04-20 13:42:59,513 - src.utils.logger - INFO - packet_loss statistics: mean=9.8233, std=15.9273
2025-04-20 13:42:59,514 - src.utils.logger - INFO - packet_loss quantiles: 0.25     0.0000
0.50     1.9100
0.75    12.8925
0.95    49.9210
Name: packet_loss, dtype: float64
2025-04-20 13:42:59,516 - src.utils.logger - INFO - High packet loss (>10): 2147 samples, 26.84%
2025-04-20 13:42:59,604 - src.utils.logger - INFO - Generated data summary:
       as_path_length   local_pref  ...  latency_bandwidth_ratio_log    path_cost
count     8000.000000  8000.000000  ...                  8000.000000  8000.000000
mean         1.683375   111.930000  ...                     0.234402    16.146600
std          0.788480    37.960904  ...                     0.558325    10.232861
min          1.000000    80.000000  ...                     0.001000     5.308667
25%          1.000000    90.000000  ...                     0.004092     8.788174
50%          1.000000   100.000000  ...                     0.031353    10.998170
75%          2.000000   120.000000  ...                     0.095310    25.260176
max          3.000000   250.000000  ...                     4.354626    60.912641

[8 rows x 25 columns]
2025-04-20 13:42:59,606 - src.utils.logger - INFO - is_best distribution: is_best
0    0.97525
1    0.02475
Name: proportion, dtype: float64
2025-04-20 13:42:59,607 - src.utils.logger - INFO - jitter summary: mean=13.2273, std=15.5337
2025-04-20 13:42:59,608 - src.utils.logger - INFO - rtt summary: mean=81.4395, std=63.4557
2025-04-20 13:42:59,608 - src.utils.logger - INFO - cpu_usage summary: mean=39.0703, std=18.1156
2025-04-20 13:42:59,608 - src.utils.logger - INFO - memory_usage summary: mean=46.0137, std=15.0980
2025-04-20 13:42:59,608 - src.utils.logger - INFO - queue_length summary: mean=42.3349, std=60.8552
2025-04-20 13:42:59,609 - src.utils.logger - INFO - route_stability summary: mean=4.7562, std=5.4949
2025-04-20 13:42:59,609 - src.utils.logger - INFO - latency_bandwidth_ratio summary: mean=0.7617, std=3.2685
2025-04-20 13:42:59,610 - src.utils.logger - INFO - path_cost summary: mean=16.1466, std=10.2329
2025-04-20 13:42:59,610 - src.utils.logger - INFO - Final DataFrame shape: (8000, 25)
2025-04-20 13:42:59,611 - src.utils.logger - INFO - Training classification model
2025-04-20 13:42:59,910 - src.utils.logger - INFO - Classification data: y_train distribution: (array([0, 1]), array([6242, 6242]))
2025-04-20 13:43:29,318 - src.utils.logger - INFO - Test Accuracy: 98.81%
2025-04-20 13:43:29,318 - absl - WARNING - You are saving your model as an HDF5 file via `model.save()` or `keras.saving.save_model(model)`. This file format is considered legacy. We recommend using instead the native Keras format, e.g. `model.save('my_model.keras')` or `keras.saving.save_model(model, 'my_model.keras')`. 
2025-04-20 13:43:29,555 - src.utils.logger - INFO - Saved plot to ./chart/Classification_12484.png
2025-04-20 13:43:29,555 - src.utils.logger - INFO - Training regression model
2025-04-20 13:43:29,557 - src.utils.logger - INFO - After dropping NaN: Data shape=(8000, 25)
2025-04-20 13:43:29,558 - src.utils.logger - INFO - Raw data: X shape=(8000, 22), y shape=(8000,)
2025-04-20 13:43:29,560 - src.utils.logger - INFO - After split: X_train shape=(6400, 22), y_train shape=(6400,), X_test shape=(1600, 22), y_test shape=(1600,)
2025-04-20 13:43:29,564 - src.utils.logger - INFO - After scaling: X_train shape=(6400, 22), y_train shape=(6400,)
2025-04-20 13:43:29,566 - src.utils.logger - INFO - Regression data: y_train mean=0.0000, std=1.0000
2025-04-20 13:44:01,366 - absl - WARNING - You are saving your model as an HDF5 file via `model.save()` or `keras.saving.save_model(model)`. This file format is considered legacy. We recommend using instead the native Keras format, e.g. `model.save('my_model.keras')` or `keras.saving.save_model(model, 'my_model.keras')`. 
2025-04-20 13:44:01,548 - src.utils.logger - INFO - Saved plot to ./chart/Regression_6400.png
2025-04-20 13:44:01,549 - src.utils.logger - INFO - Pipeline completed successfully
2025-04-20 13:53:39,941 - src.utils.logger - INFO - Starting network path optimization pipeline
2025-04-20 13:53:40,089 - src.utils.logger - INFO - Initial DataFrame shape: (8000, 18)
2025-04-20 13:53:40,853 - src.utils.logger - INFO - path_cost column created successfully
2025-04-20 13:53:40,854 - src.utils.logger - INFO - path_cost head: 0    27.337288
1     8.366027
2    10.899289
3    13.236318
4     9.019180
Name: path_cost, dtype: float64
2025-04-20 13:53:40,855 - src.utils.logger - INFO - FastEthernet packet_loss: mean=9.7705, std=15.9039
2025-04-20 13:53:40,858 - src.utils.logger - INFO - GigabitEthernet packet_loss: mean=10.6870, std=16.5517
2025-04-20 13:53:40,859 - src.utils.logger - INFO - TenGigabitEthernet packet_loss: mean=9.6020, std=15.8153
2025-04-20 13:53:40,860 - src.utils.logger - INFO - packet_loss statistics: mean=10.0126, std=16.0935
2025-04-20 13:53:40,862 - src.utils.logger - INFO - packet_loss quantiles: 0.25     0.000
0.50     1.865
0.75    13.925
0.95    50.040
Name: packet_loss, dtype: float64
2025-04-20 13:53:40,863 - src.utils.logger - INFO - High packet loss (>10): 2193 samples, 27.41%
2025-04-20 13:53:40,908 - src.utils.logger - INFO - Generated data summary:
       as_path_length   local_pref  ...  latency_bandwidth_ratio_log    path_cost
count     8000.000000  8000.000000  ...                  8000.000000  8000.000000
mean         1.669500   111.503750  ...                     0.241184    16.236009
std          0.788732    36.934019  ...                     0.566930    10.241089
min          1.000000    80.000000  ...                     0.001000     4.917520
25%          1.000000    90.000000  ...                     0.003693     8.847620
50%          1.000000   100.000000  ...                     0.031499    11.050198
75%          2.000000   120.000000  ...                     0.095310    25.461020
max          3.000000   250.000000  ...                     4.474699    67.699732

[8 rows x 25 columns]
2025-04-20 13:53:40,909 - src.utils.logger - INFO - is_best distribution: is_best
0    0.976625
1    0.023375
Name: proportion, dtype: float64
2025-04-20 13:53:40,909 - src.utils.logger - INFO - jitter summary: mean=13.2062, std=15.2201
2025-04-20 13:53:40,909 - src.utils.logger - INFO - rtt summary: mean=81.9435, std=63.1863
2025-04-20 13:53:40,910 - src.utils.logger - INFO - cpu_usage summary: mean=38.8229, std=18.4081
2025-04-20 13:53:40,910 - src.utils.logger - INFO - memory_usage summary: mean=46.1367, std=14.9526
2025-04-20 13:53:40,910 - src.utils.logger - INFO - queue_length summary: mean=43.3294, std=61.1659
2025-04-20 13:53:40,910 - src.utils.logger - INFO - route_stability summary: mean=4.7955, std=5.5117
2025-04-20 13:53:40,910 - src.utils.logger - INFO - latency_bandwidth_ratio summary: mean=0.7978, std=3.5331
2025-04-20 13:53:40,910 - src.utils.logger - INFO - path_cost summary: mean=16.2360, std=10.2411
2025-04-20 13:53:40,911 - src.utils.logger - INFO - Final DataFrame shape: (8000, 25)
2025-04-20 13:53:40,911 - src.utils.logger - INFO - Training classification model
2025-04-20 13:53:41,108 - src.utils.logger - INFO - Classification data: y_train distribution: (array([0, 1]), array([6250, 6250]))
2025-04-20 13:54:10,369 - src.utils.logger - INFO - Test Accuracy: 98.31%
2025-04-20 13:54:10,370 - absl - WARNING - You are saving your model as an HDF5 file via `model.save()` or `keras.saving.save_model(model)`. This file format is considered legacy. We recommend using instead the native Keras format, e.g. `model.save('my_model.keras')` or `keras.saving.save_model(model, 'my_model.keras')`. 
2025-04-20 13:54:10,585 - src.utils.logger - INFO - Saved plot to ./chart/Classification_12500.png
2025-04-20 13:54:10,586 - src.utils.logger - INFO - Training regression model
2025-04-20 13:54:10,588 - src.utils.logger - INFO - After dropping NaN: Data shape=(8000, 25)
2025-04-20 13:54:10,589 - src.utils.logger - INFO - Raw data: X shape=(8000, 22), y shape=(8000,)
2025-04-20 13:54:10,591 - src.utils.logger - INFO - After split: X_train shape=(6400, 22), y_train shape=(6400,), X_test shape=(1600, 22), y_test shape=(1600,)
2025-04-20 13:54:10,594 - src.utils.logger - INFO - After scaling: X_train shape=(6400, 22), y_train shape=(6400,)
2025-04-20 13:54:10,596 - src.utils.logger - INFO - Regression data: y_train mean=-0.0000, std=1.0000
2025-04-20 13:54:56,770 - absl - WARNING - You are saving your model as an HDF5 file via `model.save()` or `keras.saving.save_model(model)`. This file format is considered legacy. We recommend using instead the native Keras format, e.g. `model.save('my_model.keras')` or `keras.saving.save_model(model, 'my_model.keras')`. 
2025-04-20 13:54:57,031 - src.utils.logger - INFO - Saved plot to ./chart/Regression_6400.png
2025-04-20 13:54:57,031 - src.utils.logger - INFO - Pipeline completed successfully
2025-04-20 14:24:48,810 - src.utils.logger - INFO - Starting network path optimization pipeline
2025-04-20 14:24:49,042 - src.utils.logger - INFO - Initial DataFrame shape: (8000, 18)
2025-04-20 14:24:49,664 - src.utils.logger - INFO - path_cost column created successfully
2025-04-20 14:24:49,665 - src.utils.logger - INFO - path_cost head: 0    10.167827
1     9.295887
2    30.830798
3    29.199038
4    14.797258
Name: path_cost, dtype: float64
2025-04-20 14:24:49,666 - src.utils.logger - INFO - FastEthernet packet_loss: mean=10.9884, std=16.8672
2025-04-20 14:24:49,667 - src.utils.logger - INFO - GigabitEthernet packet_loss: mean=9.6264, std=16.0141
2025-04-20 14:24:49,667 - src.utils.logger - INFO - TenGigabitEthernet packet_loss: mean=9.6185, std=15.8299
2025-04-20 14:24:49,668 - src.utils.logger - INFO - packet_loss statistics: mean=10.0747, std=16.2510
2025-04-20 14:24:49,669 - src.utils.logger - INFO - packet_loss quantiles: 0.25     0.0000
0.50     1.8550
0.75    13.5700
0.95    50.1405
Name: packet_loss, dtype: float64
2025-04-20 14:24:49,669 - src.utils.logger - INFO - High packet loss (>10): 2184 samples, 27.30%
2025-04-20 14:24:49,716 - src.utils.logger - INFO - Generated data summary:
       as_path_length   local_pref  ...  latency_bandwidth_ratio_log    path_cost
count      8000.00000  8000.000000  ...                  8000.000000  8000.000000
mean          1.66550   111.312500  ...                     0.250683    16.247350
std           0.78752    36.359216  ...                     0.587302    10.468572
min           1.00000    80.000000  ...                     0.001000     4.693800
25%           1.00000    90.000000  ...                     0.003494     8.774696
50%           1.00000   100.000000  ...                     0.025863    10.919943
75%           2.00000   120.000000  ...                     0.095310    25.456942
max           3.00000   250.000000  ...                     4.496059    68.043679

[8 rows x 25 columns]
2025-04-20 14:24:49,717 - src.utils.logger - INFO - is_best distribution: is_best
0    0.977625
1    0.022375
Name: proportion, dtype: float64
2025-04-20 14:24:49,718 - src.utils.logger - INFO - jitter summary: mean=13.3384, std=15.6023
2025-04-20 14:24:49,718 - src.utils.logger - INFO - rtt summary: mean=82.1659, std=64.3458
2025-04-20 14:24:49,718 - src.utils.logger - INFO - cpu_usage summary: mean=38.8019, std=18.3651
2025-04-20 14:24:49,718 - src.utils.logger - INFO - memory_usage summary: mean=46.1162, std=15.0404
2025-04-20 14:24:49,719 - src.utils.logger - INFO - queue_length summary: mean=42.7627, std=61.0349
2025-04-20 14:24:49,719 - src.utils.logger - INFO - route_stability summary: mean=4.8349, std=5.5832
2025-04-20 14:24:49,719 - src.utils.logger - INFO - latency_bandwidth_ratio summary: mean=0.8287, std=3.2749
2025-04-20 14:24:49,719 - src.utils.logger - INFO - path_cost summary: mean=16.2474, std=10.4686
2025-04-20 14:24:49,719 - src.utils.logger - INFO - Final DataFrame shape: (8000, 25)
2025-04-20 14:24:49,720 - src.utils.logger - INFO - Training classification model
2025-04-20 14:24:49,894 - src.utils.logger - INFO - Classification data: y_train distribution: (array([0, 1]), array([6257, 6257]))
2025-04-20 14:25:05,486 - src.utils.logger - INFO - Test Accuracy: 97.62%
2025-04-20 14:25:05,689 - src.utils.logger - INFO - Saved plot to ./chart/Classification_12514.png
2025-04-20 14:25:05,689 - src.utils.logger - INFO - Training regression model
2025-04-20 14:25:05,692 - src.utils.logger - INFO - After dropping NaN: Data shape=(8000, 25)
2025-04-20 14:25:05,692 - src.utils.logger - INFO - Raw data: X shape=(8000, 22), y shape=(8000,)
2025-04-20 14:25:05,694 - src.utils.logger - INFO - After split: X_train shape=(6400, 22), y_train shape=(6400,), X_test shape=(1600, 22), y_test shape=(1600,)
2025-04-20 14:25:05,698 - src.utils.logger - INFO - After scaling: X_train shape=(6400, 22), y_train shape=(6400,)
2025-04-20 14:25:05,699 - src.utils.logger - INFO - Regression data: y_train mean=-0.0000, std=1.0000
2025-04-20 14:25:37,291 - src.utils.logger - INFO - Saved plot to ./chart/Regression_6400.png
2025-04-20 14:25:37,291 - src.utils.logger - INFO - Pipeline completed successfully
2025-04-20 22:11:10,425 - src.utils.logger - INFO - Starting network path optimization pipeline
2025-04-20 22:11:10,596 - src.utils.logger - INFO - Initial DataFrame shape: (8000, 18)
2025-04-20 22:11:11,649 - src.utils.logger - INFO - Added interaction features: latency_packet_loss, utilization_queue
2025-04-20 22:11:11,651 - src.utils.logger - INFO - path_cost column created successfully
2025-04-20 22:11:11,651 - src.utils.logger - INFO - path_cost head: 0     6.804760
1     6.804640
2    27.561844
3     8.467440
4     9.760835
Name: path_cost, dtype: float64
2025-04-20 22:11:11,652 - src.utils.logger - INFO - FastEthernet packet_loss: mean=9.6757, std=15.7873
2025-04-20 22:11:11,653 - src.utils.logger - INFO - GigabitEthernet packet_loss: mean=9.7453, std=15.7685
2025-04-20 22:11:11,654 - src.utils.logger - INFO - TenGigabitEthernet packet_loss: mean=10.3989, std=16.3665
2025-04-20 22:11:11,654 - src.utils.logger - INFO - packet_loss statistics: mean=9.9401, std=15.9774
2025-04-20 22:11:11,656 - src.utils.logger - INFO - packet_loss quantiles: 0.25     0.0000
0.50     1.9900
0.75    13.4050
0.95    49.9605
Name: packet_loss, dtype: float64
2025-04-20 22:11:11,656 - src.utils.logger - INFO - High packet loss (>10): 2195 samples, 27.44%
2025-04-20 22:11:11,699 - src.utils.logger - INFO - Generated data summary:
       as_path_length   local_pref  ...  utilization_queue    path_cost
count     8000.000000  8000.000000  ...        8000.000000  8000.000000
mean         1.653500   111.588750  ...        3258.393712    16.216990
std          0.779592    37.251333  ...        5785.886653    10.328978
min          1.000000    80.000000  ...           0.000000     4.698880
25%          1.000000    90.000000  ...         159.307500     8.822602
50%          1.000000   100.000000  ...         455.780950    11.043022
75%          2.000000   120.000000  ...        2833.384350    25.384754
max          3.000000   250.000000  ...       30933.000000    68.135916

[8 rows x 27 columns]
2025-04-20 22:11:11,700 - src.utils.logger - INFO - is_best distribution: is_best
0    0.942375
1    0.057625
Name: proportion, dtype: float64
2025-04-20 22:11:11,700 - src.utils.logger - INFO - jitter summary: mean=13.4420, std=15.7923
2025-04-20 22:11:11,701 - src.utils.logger - INFO - rtt summary: mean=82.1337, std=64.4659
2025-04-20 22:11:11,701 - src.utils.logger - INFO - cpu_usage summary: mean=38.6251, std=17.9712
2025-04-20 22:11:11,701 - src.utils.logger - INFO - memory_usage summary: mean=45.8824, std=15.1315
2025-04-20 22:11:11,701 - src.utils.logger - INFO - queue_length summary: mean=41.6304, std=59.8866
2025-04-20 22:11:11,701 - src.utils.logger - INFO - route_stability summary: mean=4.8056, std=5.5748
2025-04-20 22:11:11,701 - src.utils.logger - INFO - latency_bandwidth_ratio summary: mean=0.7769, std=3.3472
2025-04-20 22:11:11,701 - src.utils.logger - INFO - path_cost summary: mean=16.2170, std=10.3290
2025-04-20 22:11:11,702 - src.utils.logger - INFO - Final DataFrame shape: (8000, 27)
2025-04-20 22:11:11,702 - src.utils.logger - INFO - Training classification model
2025-04-20 22:11:12,019 - src.utils.logger - INFO - KS test for as_path_length: stat=0.1138, p=0.0000
2025-04-20 22:11:12,168 - src.utils.logger - INFO - KS test for local_pref: stat=0.2048, p=0.0000
2025-04-20 22:11:12,234 - src.utils.logger - INFO - KS test for ospf_state: stat=0.1216, p=0.0000
2025-04-20 22:11:12,509 - src.utils.logger - INFO - KS test for bandwidth: stat=0.2610, p=0.0000
2025-04-20 22:11:12,623 - src.utils.logger - INFO - KS test for latency: stat=0.1440, p=0.0000
2025-04-20 22:11:12,690 - src.utils.logger - INFO - KS test for packet_loss: stat=0.1218, p=0.0000
2025-04-20 22:11:12,774 - src.utils.logger - INFO - KS test for jitter: stat=0.1473, p=0.0000
2025-04-20 22:11:12,847 - src.utils.logger - INFO - KS test for rtt: stat=0.1319, p=0.0000
2025-04-20 22:11:12,890 - src.utils.logger - INFO - KS test for cpu_usage: stat=0.0807, p=0.0000
2025-04-20 22:11:12,921 - src.utils.logger - INFO - KS test for memory_usage: stat=0.0535, p=0.0000
2025-04-20 22:11:12,998 - src.utils.logger - INFO - KS test for queue_length: stat=0.1069, p=0.0000
2025-04-20 22:11:13,023 - src.utils.logger - INFO - KS test for bandwidth_utilization: stat=0.0457, p=0.0000
2025-04-20 22:11:13,108 - src.utils.logger - INFO - KS test for route_stability: stat=0.1430, p=0.0000
2025-04-20 22:11:13,513 - src.utils.logger - INFO - KS test for latency_bandwidth_ratio: stat=0.2676, p=0.0000
2025-04-20 22:11:13,624 - src.utils.logger - INFO - KS test for is_FastEthernet: stat=0.1135, p=0.0000
2025-04-20 22:11:13,737 - src.utils.logger - INFO - KS test for is_GigabitEthernet: stat=0.1250, p=0.0000
2025-04-20 22:11:14,029 - src.utils.logger - INFO - KS test for is_TenGigabitEthernet: stat=0.2385, p=0.0000
2025-04-20 22:11:14,315 - src.utils.logger - INFO - KS test for bandwidth_log: stat=0.2610, p=0.0000
2025-04-20 22:11:14,404 - src.utils.logger - INFO - KS test for jitter_log: stat=0.1503, p=0.0000
2025-04-20 22:11:14,495 - src.utils.logger - INFO - KS test for rtt_log: stat=0.1329, p=0.0000
2025-04-20 22:11:14,542 - src.utils.logger - INFO - KS test for resource_usage: stat=0.0707, p=0.0000
2025-04-20 22:11:14,645 - src.utils.logger - INFO - KS test for route_stability_log: stat=0.1444, p=0.0000
2025-04-20 22:11:15,003 - src.utils.logger - INFO - KS test for latency_bandwidth_ratio_log: stat=0.2676, p=0.0000
2025-04-20 22:11:15,087 - src.utils.logger - INFO - KS test for latency_packet_loss: stat=0.1288, p=0.0000
2025-04-20 22:11:15,139 - src.utils.logger - INFO - KS test for utilization_queue: stat=0.0956, p=0.0000
2025-04-20 22:11:15,140 - src.utils.logger - INFO - Classification data: y_train distribution: (array([0, 1]), array([4523, 3619]))
2025-04-20 22:11:15,231 - src.utils.logger - INFO - Class weights: {0: 1.0, 1: 1.2497927604310584}
2025-04-20 22:11:38,074 - src.utils.logger - INFO - Optimal threshold: 0.7694, F1: 0.9674
2025-04-20 22:11:38,233 - src.utils.logger - INFO - Validation: Accuracy=0.9912, Precision=0.8900, Recall=0.9674
2025-04-20 22:11:38,379 - src.utils.logger - INFO - Test: Accuracy=0.9969, Precision=0.9579, Recall=0.9891
2025-04-20 22:11:38,545 - src.utils.logger - INFO - Test Accuracy with optimal threshold: 0.8927
2025-04-20 22:11:38,952 - src.utils.logger - INFO - Saved plot to ./chart/Classification_8142.png
2025-04-20 22:11:39,352 - src.utils.logger - INFO - Saved PR/ROC plot to ./chart/Classification_pr_roc.png
2025-04-20 22:11:39,352 - src.utils.logger - INFO - Training regression model
2025-04-20 22:11:39,354 - src.utils.logger - INFO - After dropping NaN: Data shape=(8000, 27)
2025-04-20 22:11:39,361 - src.utils.logger - INFO - After split: X_train shape=(6400, 24), y_train shape=(6400,), X_test shape=(1600, 24), y_test shape=(1600,)
2025-04-20 22:11:39,369 - src.utils.logger - INFO - Regression data: y_train mean=0.0000, std=1.0000
2025-04-20 22:12:15,079 - src.utils.logger - INFO - Test R2: 0.9994
2025-04-20 22:12:15,337 - src.utils.logger - INFO - Saved plot to ./chart/Regression_6400.png
2025-04-20 22:12:15,337 - src.utils.logger - INFO - Pipeline completed successfully
2025-04-20 22:23:23,046 - src.utils.logger - INFO - Starting network path optimization pipeline
2025-04-20 22:23:23,231 - src.utils.logger - INFO - Initial DataFrame shape: (8000, 18)
2025-04-20 22:23:24,197 - src.utils.logger - INFO - Added interaction features: latency_packet_loss, utilization_queue
2025-04-20 22:23:24,200 - src.utils.logger - INFO - path_cost column created successfully
2025-04-20 22:23:24,201 - src.utils.logger - INFO - path_cost head: 0    39.241487
1    34.766025
2    43.428820
3    10.097387
4    10.102009
Name: path_cost, dtype: float64
2025-04-20 22:23:24,204 - src.utils.logger - INFO - FastEthernet packet_loss: mean=9.7475, std=15.7025
2025-04-20 22:23:24,205 - src.utils.logger - INFO - GigabitEthernet packet_loss: mean=9.1499, std=15.3858
2025-04-20 22:23:24,207 - src.utils.logger - INFO - TenGigabitEthernet packet_loss: mean=9.6082, std=15.9620
2025-04-20 22:23:24,207 - src.utils.logger - INFO - packet_loss statistics: mean=9.5011, std=15.6854
2025-04-20 22:23:24,209 - src.utils.logger - INFO - packet_loss quantiles: 0.25     0.0000
0.50     1.8350
0.75    11.6925
0.95    49.7705
Name: packet_loss, dtype: float64
2025-04-20 22:23:24,210 - src.utils.logger - INFO - High packet loss (>10): 2065 samples, 25.81%
2025-04-20 22:23:24,261 - src.utils.logger - INFO - Generated data summary:
       as_path_length   local_pref  ...  utilization_queue    path_cost
count     8000.000000  8000.000000  ...        8000.000000  8000.000000
mean         1.669625   111.100000  ...        3244.186347    15.954759
std          0.783776    36.200536  ...        5805.291068    10.228890
min          1.000000    80.000000  ...           0.000000     4.875860
25%          1.000000    90.000000  ...         163.289475     8.772582
50%          1.000000   100.000000  ...         465.560850    10.901995
75%          2.000000   120.000000  ...        2731.966475    24.790180
max          3.000000   250.000000  ...       31228.000000    63.464085

[8 rows x 27 columns]
2025-04-20 22:23:24,262 - src.utils.logger - INFO - is_best distribution: is_best
0    0.94225
1    0.05775
Name: proportion, dtype: float64
2025-04-20 22:23:24,262 - src.utils.logger - INFO - jitter summary: mean=12.8253, std=15.2831
2025-04-20 22:23:24,263 - src.utils.logger - INFO - rtt summary: mean=80.2690, std=62.9183
2025-04-20 22:23:24,263 - src.utils.logger - INFO - cpu_usage summary: mean=39.2873, std=18.1931
2025-04-20 22:23:24,263 - src.utils.logger - INFO - memory_usage summary: mean=46.1775, std=15.0754
2025-04-20 22:23:24,263 - src.utils.logger - INFO - queue_length summary: mean=41.6778, std=59.8218
2025-04-20 22:23:24,263 - src.utils.logger - INFO - route_stability summary: mean=4.6338, std=5.4388
2025-04-20 22:23:24,263 - src.utils.logger - INFO - latency_bandwidth_ratio summary: mean=0.7685, std=3.1958
2025-04-20 22:23:24,263 - src.utils.logger - INFO - path_cost summary: mean=15.9548, std=10.2289
2025-04-20 22:23:24,264 - src.utils.logger - INFO - Final DataFrame shape: (8000, 27)
2025-04-20 22:23:24,264 - src.utils.logger - INFO - Training classification model
2025-04-20 22:23:24,532 - src.utils.logger - INFO - KS test for as_path_length: stat=0.0514, p=0.0000
2025-04-20 22:23:24,617 - src.utils.logger - INFO - KS test for local_pref: stat=0.1631, p=0.0000
2025-04-20 22:23:24,653 - src.utils.logger - INFO - KS test for ospf_state: stat=0.0897, p=0.0000
2025-04-20 22:23:24,739 - src.utils.logger - INFO - KS test for bandwidth: stat=0.1772, p=0.0000
2025-04-20 22:23:24,784 - src.utils.logger - INFO - KS test for latency: stat=0.0976, p=0.0000
2025-04-20 22:23:24,816 - src.utils.logger - INFO - KS test for packet_loss: stat=0.0725, p=0.0000
2025-04-20 22:23:24,855 - src.utils.logger - INFO - KS test for jitter: stat=0.0934, p=0.0000
2025-04-20 22:23:24,895 - src.utils.logger - INFO - KS test for rtt: stat=0.0927, p=0.0000
2025-04-20 22:23:24,919 - src.utils.logger - INFO - KS test for cpu_usage: stat=0.0507, p=0.0000
2025-04-20 22:23:24,934 - src.utils.logger - INFO - KS test for memory_usage: stat=0.0355, p=0.0016
2025-04-20 22:23:24,964 - src.utils.logger - INFO - KS test for queue_length: stat=0.0698, p=0.0000
2025-04-20 22:23:24,993 - src.utils.logger - INFO - KS test for bandwidth_utilization: stat=0.0556, p=0.0000
2025-04-20 22:23:25,036 - src.utils.logger - INFO - KS test for route_stability: stat=0.0977, p=0.0000
2025-04-20 22:23:25,121 - src.utils.logger - INFO - KS test for latency_bandwidth_ratio: stat=0.1736, p=0.0000
2025-04-20 22:23:25,149 - src.utils.logger - INFO - KS test for is_FastEthernet: stat=0.0647, p=0.0000
2025-04-20 22:23:25,192 - src.utils.logger - INFO - KS test for is_GigabitEthernet: stat=0.0966, p=0.0000
2025-04-20 22:23:25,271 - src.utils.logger - INFO - KS test for is_TenGigabitEthernet: stat=0.1587, p=0.0000
2025-04-20 22:23:25,387 - src.utils.logger - INFO - KS test for bandwidth_log: stat=0.1768, p=0.0000
2025-04-20 22:23:25,430 - src.utils.logger - INFO - KS test for jitter_log: stat=0.0948, p=0.0000
2025-04-20 22:23:25,470 - src.utils.logger - INFO - KS test for rtt_log: stat=0.0934, p=0.0000
2025-04-20 22:23:25,492 - src.utils.logger - INFO - KS test for resource_usage: stat=0.0443, p=0.0000
2025-04-20 22:23:25,546 - src.utils.logger - INFO - KS test for route_stability_log: stat=0.0982, p=0.0000
2025-04-20 22:23:25,632 - src.utils.logger - INFO - KS test for latency_bandwidth_ratio_log: stat=0.1736, p=0.0000
2025-04-20 22:23:25,669 - src.utils.logger - INFO - KS test for latency_packet_loss: stat=0.0792, p=0.0000
2025-04-20 22:23:25,694 - src.utils.logger - INFO - KS test for utilization_queue: stat=0.0502, p=0.0000
2025-04-20 22:23:25,695 - src.utils.logger - INFO - Classification data: y_train distribution: (array([0, 1]), array([4520, 2261]))
2025-04-20 22:23:25,776 - src.utils.logger - INFO - Class weights: {0: 1.0, 1: np.float64(1.4995577178239716)}
2025-04-20 22:23:49,865 - src.utils.logger - INFO - Validation: Accuracy=0.9956, Precision=0.9293, Recall=1.0000
2025-04-20 22:23:50,045 - src.utils.logger - INFO - Test: Accuracy=0.9931, Precision=0.9010, Recall=0.9891
2025-04-20 22:23:50,197 - src.utils.logger - INFO - Optimal threshold: 0.7024, F1: 0.9892
2025-04-20 22:23:50,300 - src.utils.logger - INFO - Test Accuracy with optimal threshold: 0.8894
2025-04-20 22:23:50,633 - src.utils.logger - INFO - Saved plot to ./chart/Classification_6781.png
2025-04-20 22:23:50,899 - src.utils.logger - INFO - Saved PR/ROC plot to ./chart/Classification_pr_roc.png
2025-04-20 22:23:50,900 - src.utils.logger - INFO - Training regression model
2025-04-20 22:23:50,902 - src.utils.logger - INFO - After dropping NaN: Data shape=(8000, 27)
2025-04-20 22:23:50,908 - src.utils.logger - INFO - After split: X_train shape=(6400, 24), y_train shape=(6400,), X_test shape=(1600, 24), y_test shape=(1600,)
2025-04-20 22:23:50,913 - src.utils.logger - INFO - Regression data: y_train mean=0.0000, std=1.0000
2025-04-20 22:24:25,325 - src.utils.logger - INFO - Test R2: 0.9994
2025-04-20 22:24:25,554 - src.utils.logger - INFO - Saved plot to ./chart/Regression_6400.png
2025-04-20 22:24:25,554 - src.utils.logger - INFO - Pipeline completed successfully
2025-04-20 22:33:58,157 - src.utils.logger - INFO - Starting network path optimization pipeline
2025-04-20 22:33:58,353 - src.utils.logger - INFO - Initial DataFrame shape: (8000, 18)
2025-04-20 22:33:59,106 - src.utils.logger - ERROR - Pipeline failed: "['path_cost'] not found in axis"
2025-04-20 22:37:04,114 - src.utils.logger - INFO - Starting network path optimization pipeline
2025-04-20 22:37:04,279 - src.utils.logger - INFO - Initial DataFrame shape: (8000, 18)
2025-04-20 22:37:04,927 - src.utils.logger - INFO - path_cost column created successfully
2025-04-20 22:37:04,928 - src.utils.logger - INFO - path_cost head: 0    16.205992
1     6.811167
2    26.694301
3    11.207907
4     7.264720
Name: path_cost, dtype: float64
2025-04-20 22:37:04,956 - src.utils.logger - INFO - Feature correlation with is_best:
local_pref                     0.483051
bandwidth                      0.274307
bandwidth_log                  0.232420
is_TenGigabitEthernet          0.227840
jitter_log                     0.170088
route_stability_log            0.168663
rtt_log                        0.166845
route_stability                0.152935
rtt                            0.148488
latency                        0.148344
jitter                         0.147708
is_FastEthernet                0.125499
ospf_state                     0.120572
queue_length                   0.120065
packet_loss                    0.117172
latency_packet_loss            0.117028
is_GigabitEthernet             0.104071
utilization_queue              0.101277
latency_bandwidth_ratio_log    0.099126
resource_usage                 0.081816
cpu_usage                      0.080836
as_path_length                 0.077504
latency_bandwidth_ratio        0.057024
memory_usage                   0.052609
bandwidth_utilization          0.031264
Name: is_best, dtype: float64
2025-04-20 22:37:04,956 - src.utils.logger - INFO - Feature correlation with path_cost:
route_stability                0.952185
rtt_log                        0.947159
rtt                            0.942891
latency                        0.935852
jitter                         0.931546
jitter_log                     0.914214
route_stability_log            0.913912
latency_packet_loss            0.879673
packet_loss                    0.795989
queue_length                   0.668135
utilization_queue              0.657330
latency_bandwidth_ratio_log    0.632791
latency_bandwidth_ratio        0.475819
bandwidth_utilization          0.460438
bandwidth_log                  0.439451
bandwidth                      0.306437
resource_usage                 0.198072
cpu_usage                      0.188486
is_FastEthernet                0.149845
memory_usage                   0.140271
is_TenGigabitEthernet          0.121559
as_path_length                 0.042270
is_GigabitEthernet             0.026234
local_pref                     0.013778
ospf_state                     0.013562
Name: path_cost, dtype: float64
2025-04-20 22:37:04,958 - src.utils.logger - INFO - FastEthernet packet_loss: mean=9.6477, std=15.8415
2025-04-20 22:37:04,958 - src.utils.logger - INFO - GigabitEthernet packet_loss: mean=9.9089, std=15.9755
2025-04-20 22:37:04,959 - src.utils.logger - INFO - TenGigabitEthernet packet_loss: mean=9.5213, std=15.7239
2025-04-20 22:37:04,959 - src.utils.logger - INFO - packet_loss statistics: mean=9.6934, std=15.8462
2025-04-20 22:37:04,961 - src.utils.logger - INFO - packet_loss quantiles: 0.25     0.000
0.50     1.785
0.75    12.830
0.95    50.001
Name: packet_loss, dtype: float64
2025-04-20 22:37:04,961 - src.utils.logger - INFO - High packet loss (>10): 2130 samples, 26.62%
2025-04-20 22:37:05,008 - src.utils.logger - INFO - Generated data summary:
       as_path_length   local_pref  ...  utilization_queue    path_cost
count     8000.000000  8000.000000  ...        8000.000000  8000.000000
mean         1.665625   111.470000  ...        3270.616533    16.026849
std          0.784631    36.750278  ...        5802.497772    10.198550
min          1.000000    80.000000  ...           0.000000     5.092580
25%          1.000000    90.000000  ...         159.106000     8.743842
50%          1.000000   100.000000  ...         459.624750    10.864126
75%          2.000000   120.000000  ...        2782.344350    25.150624
max          3.000000   250.000000  ...       28309.929300    61.550959

[8 rows x 27 columns]
2025-04-20 22:37:05,009 - src.utils.logger - INFO - is_best distribution: is_best
0    0.941125
1    0.058875
Name: proportion, dtype: float64
2025-04-20 22:37:05,010 - src.utils.logger - INFO - jitter summary: mean=13.0212, std=15.3532
2025-04-20 22:37:05,010 - src.utils.logger - INFO - rtt summary: mean=80.7351, std=62.8713
2025-04-20 22:37:05,011 - src.utils.logger - INFO - cpu_usage summary: mean=38.9485, std=18.0562
2025-04-20 22:37:05,011 - src.utils.logger - INFO - memory_usage summary: mean=46.1745, std=15.1385
2025-04-20 22:37:05,011 - src.utils.logger - INFO - queue_length summary: mean=41.9778, std=59.9994
2025-04-20 22:37:05,012 - src.utils.logger - INFO - route_stability summary: mean=4.7129, std=5.4626
2025-04-20 22:37:05,012 - src.utils.logger - INFO - latency_bandwidth_ratio summary: mean=0.7703, std=3.3285
2025-04-20 22:37:05,012 - src.utils.logger - INFO - path_cost summary: mean=16.0268, std=10.1986
2025-04-20 22:37:05,012 - src.utils.logger - INFO - Final DataFrame shape: (8000, 27)
2025-04-20 22:37:05,013 - src.utils.logger - INFO - Training classification model
2025-04-20 22:37:05,036 - src.utils.logger - INFO - Selected features for classification: ['local_pref', 'ospf_state', 'bandwidth', 'latency', 'packet_loss', 'jitter', 'rtt', 'queue_length', 'route_stability', 'is_FastEthernet', 'is_GigabitEthernet', 'is_TenGigabitEthernet', 'bandwidth_log', 'jitter_log', 'rtt_log', 'route_stability_log', 'latency_packet_loss', 'utilization_queue']
2025-04-20 22:37:05,366 - src.utils.logger - INFO - KS test for as_path_length: stat=0.0852, p=0.0000
2025-04-20 22:37:05,403 - src.utils.logger - INFO - KS test for local_pref: stat=0.0869, p=0.0000
2025-04-20 22:37:05,518 - src.utils.logger - INFO - KS test for ospf_state: stat=0.2115, p=0.0000
2025-04-20 22:37:05,593 - src.utils.logger - INFO - KS test for bandwidth: stat=0.1094, p=0.0000
2025-04-20 22:37:05,623 - src.utils.logger - INFO - KS test for latency: stat=0.0674, p=0.0000
2025-04-20 22:37:05,684 - src.utils.logger - INFO - KS test for packet_loss: stat=0.1069, p=0.0000
2025-04-20 22:37:05,759 - src.utils.logger - INFO - KS test for jitter: stat=0.1120, p=0.0000
2025-04-20 22:37:05,812 - src.utils.logger - INFO - KS test for rtt: stat=0.0888, p=0.0000
2025-04-20 22:37:05,859 - src.utils.logger - INFO - KS test for cpu_usage: stat=0.1038, p=0.0000
2025-04-20 22:37:05,898 - src.utils.logger - INFO - KS test for memory_usage: stat=0.0923, p=0.0000
2025-04-20 22:37:05,949 - src.utils.logger - INFO - KS test for queue_length: stat=0.0936, p=0.0000
2025-04-20 22:37:06,074 - src.utils.logger - INFO - KS test for bandwidth_utilization: stat=0.1859, p=0.0000
2025-04-20 22:37:06,197 - src.utils.logger - INFO - KS test for route_stability: stat=0.2115, p=0.0000
2025-04-20 22:37:06,262 - src.utils.logger - INFO - KS test for latency_bandwidth_ratio: stat=0.1072, p=0.0000
2025-04-20 22:37:06,316 - src.utils.logger - INFO - KS test for is_FastEthernet: stat=0.1124, p=0.0000
2025-04-20 22:37:06,364 - src.utils.logger - INFO - KS test for is_GigabitEthernet: stat=0.1038, p=0.0000
2025-04-20 22:37:06,409 - src.utils.logger - INFO - KS test for is_TenGigabitEthernet: stat=0.0760, p=0.0000
2025-04-20 22:37:06,445 - src.utils.logger - INFO - KS test for bandwidth_log: stat=0.0736, p=0.0000
2025-04-20 22:37:06,445 - src.utils.logger - ERROR - Classification training error: index 18 is out of bounds for axis 1 with size 18
2025-04-20 22:37:06,445 - src.utils.logger - ERROR - Pipeline failed: index 18 is out of bounds for axis 1 with size 18
2025-04-20 22:37:43,427 - src.utils.logger - INFO - Starting network path optimization pipeline
2025-04-20 22:37:43,556 - src.utils.logger - INFO - Initial DataFrame shape: (8000, 18)
2025-04-20 22:37:44,219 - src.utils.logger - INFO - path_cost column created successfully
2025-04-20 22:37:44,220 - src.utils.logger - INFO - path_cost head: 0     8.910640
1    10.038495
2    32.024595
3    31.944560
4     5.216820
Name: path_cost, dtype: float64
2025-04-20 22:37:44,245 - src.utils.logger - INFO - Feature correlation with is_best:
local_pref                     0.490247
bandwidth                      0.272991
bandwidth_log                  0.234231
is_TenGigabitEthernet          0.225681
jitter_log                     0.174229
route_stability_log            0.172716
rtt_log                        0.165420
route_stability                0.155078
jitter                         0.149089
rtt                            0.147970
latency                        0.147845
is_FastEthernet                0.130609
ospf_state                     0.125477
queue_length                   0.118066
latency_packet_loss            0.115219
packet_loss                    0.112377
as_path_length                 0.105341
utilization_queue              0.100636
latency_bandwidth_ratio_log    0.100268
is_GigabitEthernet             0.095745
resource_usage                 0.071330
cpu_usage                      0.069766
latency_bandwidth_ratio        0.061708
memory_usage                   0.047159
bandwidth_utilization          0.008871
Name: is_best, dtype: float64
2025-04-20 22:37:44,246 - src.utils.logger - INFO - Feature correlation with path_cost:
route_stability                0.950980
rtt_log                        0.947148
rtt                            0.942279
latency                        0.937419
jitter                         0.928751
jitter_log                     0.913827
route_stability_log            0.912256
latency_packet_loss            0.885942
packet_loss                    0.798315
queue_length                   0.658196
utilization_queue              0.649096
latency_bandwidth_ratio_log    0.629654
latency_bandwidth_ratio        0.496096
bandwidth_utilization          0.442389
bandwidth_log                  0.442123
bandwidth                      0.310941
resource_usage                 0.180270
cpu_usage                      0.174000
is_FastEthernet                0.151570
memory_usage                   0.123465
is_TenGigabitEthernet          0.117859
is_GigabitEthernet             0.032693
as_path_length                 0.029649
ospf_state                     0.009794
local_pref                     0.000388
Name: path_cost, dtype: float64
2025-04-20 22:37:44,247 - src.utils.logger - INFO - FastEthernet packet_loss: mean=9.7457, std=15.7900
2025-04-20 22:37:44,248 - src.utils.logger - INFO - GigabitEthernet packet_loss: mean=9.7610, std=15.8831
2025-04-20 22:37:44,249 - src.utils.logger - INFO - TenGigabitEthernet packet_loss: mean=9.8077, std=15.8738
2025-04-20 22:37:44,249 - src.utils.logger - INFO - packet_loss statistics: mean=9.7717, std=15.8477
2025-04-20 22:37:44,250 - src.utils.logger - INFO - packet_loss quantiles: 0.25     0.0000
0.50     1.8100
0.75    13.0025
0.95    49.7900
Name: packet_loss, dtype: float64
2025-04-20 22:37:44,251 - src.utils.logger - INFO - High packet loss (>10): 2141 samples, 26.76%
2025-04-20 22:37:44,293 - src.utils.logger - INFO - Generated data summary:
       as_path_length   local_pref  ...  utilization_queue    path_cost
count     8000.000000  8000.000000  ...        8000.000000  8000.000000
mean         1.669625   111.500000  ...        3220.256465    16.119904
std          0.790763    37.178257  ...        5719.130631    10.163720
min          1.000000    80.000000  ...           0.000000     4.702360
25%          1.000000    90.000000  ...         159.632925     8.819765
50%          1.000000   100.000000  ...         454.870100    11.055757
75%          2.000000   120.000000  ...        2779.978125    25.136381
max          3.000000   250.000000  ...       29644.000000    59.657199

[8 rows x 27 columns]
2025-04-20 22:37:44,294 - src.utils.logger - INFO - is_best distribution: is_best
0    0.9415
1    0.0585
Name: proportion, dtype: float64
2025-04-20 22:37:44,294 - src.utils.logger - INFO - jitter summary: mean=13.1727, std=15.4563
2025-04-20 22:37:44,294 - src.utils.logger - INFO - rtt summary: mean=81.2394, std=62.9024
2025-04-20 22:37:44,295 - src.utils.logger - INFO - cpu_usage summary: mean=39.0075, std=18.5065
2025-04-20 22:37:44,295 - src.utils.logger - INFO - memory_usage summary: mean=45.9633, std=15.0317
2025-04-20 22:37:44,295 - src.utils.logger - INFO - queue_length summary: mean=41.5787, std=59.2166
2025-04-20 22:37:44,295 - src.utils.logger - INFO - route_stability summary: mean=4.7505, std=5.4832
2025-04-20 22:37:44,296 - src.utils.logger - INFO - latency_bandwidth_ratio summary: mean=0.7674, std=3.0469
2025-04-20 22:37:44,296 - src.utils.logger - INFO - path_cost summary: mean=16.1199, std=10.1637
2025-04-20 22:37:44,296 - src.utils.logger - INFO - Final DataFrame shape: (8000, 27)
2025-04-20 22:37:44,297 - src.utils.logger - INFO - Training classification model
2025-04-20 22:37:44,310 - src.utils.logger - INFO - Selected features for classification: ['as_path_length', 'local_pref', 'ospf_state', 'bandwidth', 'latency', 'packet_loss', 'jitter', 'rtt', 'queue_length', 'route_stability', 'is_FastEthernet', 'is_TenGigabitEthernet', 'bandwidth_log', 'jitter_log', 'rtt_log', 'route_stability_log', 'latency_bandwidth_ratio_log', 'latency_packet_loss', 'utilization_queue']
2025-04-20 22:37:44,546 - src.utils.logger - INFO - KS test for as_path_length: stat=0.0001, p=1.0000
2025-04-20 22:37:44,547 - src.utils.logger - INFO - KS test for local_pref: stat=0.0002, p=1.0000
2025-04-20 22:37:44,548 - src.utils.logger - INFO - KS test for ospf_state: stat=0.0001, p=1.0000
2025-04-20 22:37:44,549 - src.utils.logger - INFO - KS test for bandwidth: stat=0.0002, p=1.0000
2025-04-20 22:37:44,550 - src.utils.logger - INFO - KS test for latency: stat=0.0002, p=1.0000
2025-04-20 22:37:44,551 - src.utils.logger - INFO - KS test for packet_loss: stat=0.0002, p=1.0000
2025-04-20 22:37:44,552 - src.utils.logger - INFO - KS test for jitter: stat=0.0002, p=1.0000
2025-04-20 22:37:44,553 - src.utils.logger - INFO - KS test for rtt: stat=0.0002, p=1.0000
2025-04-20 22:37:44,554 - src.utils.logger - INFO - KS test for cpu_usage: stat=0.0001, p=1.0000
2025-04-20 22:37:44,556 - src.utils.logger - INFO - KS test for memory_usage: stat=0.0002, p=1.0000
2025-04-20 22:37:44,557 - src.utils.logger - INFO - KS test for queue_length: stat=0.0001, p=1.0000
2025-04-20 22:37:44,558 - src.utils.logger - INFO - KS test for bandwidth_utilization: stat=0.0001, p=1.0000
2025-04-20 22:37:44,559 - src.utils.logger - INFO - KS test for route_stability: stat=0.0002, p=1.0000
2025-04-20 22:37:44,560 - src.utils.logger - INFO - KS test for latency_bandwidth_ratio: stat=0.0002, p=1.0000
2025-04-20 22:37:44,561 - src.utils.logger - INFO - KS test for is_FastEthernet: stat=0.0002, p=1.0000
2025-04-20 22:37:44,563 - src.utils.logger - INFO - KS test for is_GigabitEthernet: stat=0.0002, p=1.0000
2025-04-20 22:37:44,564 - src.utils.logger - INFO - KS test for is_TenGigabitEthernet: stat=0.0002, p=1.0000
2025-04-20 22:37:44,565 - src.utils.logger - INFO - KS test for bandwidth_log: stat=0.0002, p=1.0000
2025-04-20 22:37:44,567 - src.utils.logger - INFO - KS test for jitter_log: stat=0.0002, p=1.0000
2025-04-20 22:37:44,567 - src.utils.logger - ERROR - Classification training error: index 19 is out of bounds for axis 1 with size 19
2025-04-20 22:37:44,567 - src.utils.logger - ERROR - Pipeline failed: index 19 is out of bounds for axis 1 with size 19
2025-04-20 22:42:14,480 - src.utils.logger - INFO - Starting network path optimization pipeline
2025-04-20 22:42:14,657 - src.utils.logger - INFO - Initial DataFrame shape: (8000, 18)
2025-04-20 22:42:15,390 - src.utils.logger - INFO - path_cost column created successfully
2025-04-20 22:42:15,391 - src.utils.logger - INFO - path_cost head: 0    28.180973
1    28.747206
2    31.837428
3    29.749395
4     6.865500
Name: path_cost, dtype: float64
2025-04-20 22:42:15,416 - src.utils.logger - INFO - Feature correlation with is_best:
local_pref                     0.481591
bandwidth                      0.288801
bandwidth_log                  0.242843
is_TenGigabitEthernet          0.242178
route_stability_log            0.165092
jitter_log                     0.164802
rtt_log                        0.163747
route_stability                0.150229
rtt                            0.146187
jitter                         0.145743
latency                        0.145651
is_FastEthernet                0.130464
ospf_state                     0.117612
latency_packet_loss            0.114628
packet_loss                    0.114073
queue_length                   0.112808
is_GigabitEthernet             0.111646
latency_bandwidth_ratio_log    0.098805
utilization_queue              0.095398
as_path_length                 0.086419
resource_usage                 0.058430
latency_bandwidth_ratio        0.056755
cpu_usage                      0.055159
memory_usage                   0.042495
bandwidth_utilization          0.022595
Name: is_best, dtype: float64
2025-04-20 22:42:15,418 - src.utils.logger - INFO - Feature correlation with path_cost:
route_stability                0.952131
rtt_log                        0.946894
rtt                            0.943625
latency                        0.937464
jitter                         0.932163
route_stability_log            0.912284
jitter_log                     0.911296
latency_packet_loss            0.883609
packet_loss                    0.797224
queue_length                   0.665693
utilization_queue              0.657418
latency_bandwidth_ratio_log    0.635519
latency_bandwidth_ratio        0.488929
bandwidth_utilization          0.453667
bandwidth_log                  0.446784
bandwidth                      0.318859
resource_usage                 0.194474
cpu_usage                      0.183686
is_FastEthernet                0.149240
memory_usage                   0.141254
is_TenGigabitEthernet          0.121869
as_path_length                 0.027837
is_GigabitEthernet             0.026203
ospf_state                     0.012542
local_pref                     0.001521
Name: path_cost, dtype: float64
2025-04-20 22:42:15,419 - src.utils.logger - INFO - FastEthernet packet_loss: mean=9.6402, std=15.7485
2025-04-20 22:42:15,420 - src.utils.logger - INFO - GigabitEthernet packet_loss: mean=10.0373, std=16.1311
2025-04-20 22:42:15,421 - src.utils.logger - INFO - TenGigabitEthernet packet_loss: mean=9.5321, std=15.7417
2025-04-20 22:42:15,421 - src.utils.logger - INFO - packet_loss statistics: mean=9.7407, std=15.8782
2025-04-20 22:42:15,422 - src.utils.logger - INFO - packet_loss quantiles: 0.25     0.0000
0.50     1.8400
0.75    12.9200
0.95    50.0405
Name: packet_loss, dtype: float64
2025-04-20 22:42:15,423 - src.utils.logger - INFO - High packet loss (>10): 2124 samples, 26.55%
2025-04-20 22:42:15,465 - src.utils.logger - INFO - Generated data summary:
       as_path_length   local_pref  ...  utilization_queue    path_cost
count     8000.000000  8000.000000  ...        8000.000000  8000.000000
mean         1.658625   111.410000  ...        3232.519176    16.121727
std          0.786394    37.047381  ...        5798.151210    10.317536
min          1.000000    80.000000  ...           0.000000     5.016500
25%          1.000000    90.000000  ...         159.886450     8.805880
50%          1.000000   100.000000  ...         460.641450    11.006192
75%          2.000000   120.000000  ...        2705.987375    25.121902
max          3.000000   250.000000  ...       31845.000000    62.279618

[8 rows x 27 columns]
2025-04-20 22:42:15,466 - src.utils.logger - INFO - is_best distribution: is_best
0    0.942125
1    0.057875
Name: proportion, dtype: float64
2025-04-20 22:42:15,466 - src.utils.logger - INFO - jitter summary: mean=13.1589, std=15.4659
2025-04-20 22:42:15,466 - src.utils.logger - INFO - rtt summary: mean=81.5487, std=64.2124
2025-04-20 22:42:15,467 - src.utils.logger - INFO - cpu_usage summary: mean=39.1505, std=18.3498
2025-04-20 22:42:15,467 - src.utils.logger - INFO - memory_usage summary: mean=46.4259, std=14.8809
2025-04-20 22:42:15,467 - src.utils.logger - INFO - queue_length summary: mean=41.6848, std=60.0110
2025-04-20 22:42:15,467 - src.utils.logger - INFO - route_stability summary: mean=4.7511, std=5.5235
2025-04-20 22:42:15,467 - src.utils.logger - INFO - latency_bandwidth_ratio summary: mean=0.8109, std=3.4911
2025-04-20 22:42:15,467 - src.utils.logger - INFO - path_cost summary: mean=16.1217, std=10.3175
2025-04-20 22:42:15,467 - src.utils.logger - INFO - Final DataFrame shape: (8000, 27)
2025-04-20 22:42:15,468 - src.utils.logger - INFO - Training classification model
2025-04-20 22:42:15,481 - src.utils.logger - INFO - Selected features for classification: ['local_pref', 'ospf_state', 'bandwidth', 'latency', 'packet_loss', 'jitter', 'rtt', 'queue_length', 'route_stability', 'is_FastEthernet', 'is_GigabitEthernet', 'is_TenGigabitEthernet', 'bandwidth_log', 'jitter_log', 'rtt_log', 'route_stability_log', 'latency_packet_loss']
2025-04-20 22:42:15,714 - src.utils.logger - INFO - KS test for local_pref: stat=0.0010, p=1.0000
2025-04-20 22:42:15,715 - src.utils.logger - INFO - KS test for ospf_state: stat=0.0004, p=1.0000
2025-04-20 22:42:15,716 - src.utils.logger - INFO - KS test for bandwidth: stat=0.0004, p=1.0000
2025-04-20 22:42:15,717 - src.utils.logger - INFO - KS test for latency: stat=0.0004, p=1.0000
2025-04-20 22:42:15,719 - src.utils.logger - INFO - KS test for packet_loss: stat=0.0004, p=1.0000
2025-04-20 22:42:15,720 - src.utils.logger - INFO - KS test for jitter: stat=0.0004, p=1.0000
2025-04-20 22:42:15,722 - src.utils.logger - INFO - KS test for rtt: stat=0.0005, p=1.0000
2025-04-20 22:42:15,723 - src.utils.logger - INFO - KS test for queue_length: stat=0.0004, p=1.0000
2025-04-20 22:42:15,725 - src.utils.logger - INFO - KS test for route_stability: stat=0.0004, p=1.0000
2025-04-20 22:42:15,726 - src.utils.logger - INFO - KS test for is_FastEthernet: stat=0.0001, p=1.0000
2025-04-20 22:42:15,727 - src.utils.logger - INFO - KS test for is_GigabitEthernet: stat=0.0002, p=1.0000
2025-04-20 22:42:15,728 - src.utils.logger - INFO - KS test for is_TenGigabitEthernet: stat=0.0002, p=1.0000
2025-04-20 22:42:15,729 - src.utils.logger - INFO - KS test for bandwidth_log: stat=0.0004, p=1.0000
2025-04-20 22:42:15,730 - src.utils.logger - INFO - KS test for jitter_log: stat=0.0004, p=1.0000
2025-04-20 22:42:15,732 - src.utils.logger - INFO - KS test for rtt_log: stat=0.0005, p=1.0000
2025-04-20 22:42:15,733 - src.utils.logger - INFO - KS test for route_stability_log: stat=0.0004, p=1.0000
2025-04-20 22:42:15,734 - src.utils.logger - INFO - KS test for latency_packet_loss: stat=0.0005, p=1.0000
2025-04-20 22:42:15,735 - src.utils.logger - INFO - Classification data: y_train distribution: (array([0, 1]), array([4511, 2261]))
2025-04-20 22:42:15,814 - src.utils.logger - INFO - Class weights: {0: 1.0, 1: np.float64(1.4975674480318444)}
2025-04-20 22:42:28,009 - src.utils.logger - INFO - Validation: Accuracy=0.9350, Precision=0.4681, Recall=0.9565
2025-04-20 22:42:28,144 - src.utils.logger - INFO - Test: Accuracy=0.9356, Precision=0.4740, Recall=0.9785
2025-04-20 22:42:28,294 - src.utils.logger - INFO - Optimal threshold (weighted F1): 0.6066, Weighted F1: 0.0004
2025-04-20 22:42:28,388 - src.utils.logger - INFO - Minority class (is_best=1) accuracy: 0.9570
2025-04-20 22:42:28,392 - src.utils.logger - INFO - Test Accuracy with optimal threshold: 0.8447
2025-04-20 22:42:28,742 - src.utils.logger - INFO - Saved plot to ./chart/Classification_6772.png
2025-04-20 22:42:29,119 - src.utils.logger - INFO - Saved PR/ROC plot to ./chart/Classification_pr_roc.png
2025-04-20 22:42:29,119 - src.utils.logger - INFO - Training regression model
2025-04-20 22:42:29,121 - src.utils.logger - INFO - After dropping NaN: Data shape=(8000, 27)
2025-04-20 22:42:29,133 - src.utils.logger - INFO - Selected features for regression: ['bandwidth', 'latency', 'packet_loss', 'jitter', 'rtt', 'cpu_usage', 'memory_usage', 'queue_length', 'bandwidth_utilization', 'route_stability', 'latency_bandwidth_ratio', 'is_FastEthernet', 'is_TenGigabitEthernet', 'bandwidth_log', 'jitter_log', 'rtt_log', 'resource_usage', 'route_stability_log', 'latency_bandwidth_ratio_log', 'latency_packet_loss', 'utilization_queue']
2025-04-20 22:42:29,142 - src.utils.logger - INFO - Regression data: y_train mean=-0.0000, std=1.0000
2025-04-20 22:42:29,167 - src.utils.logger - ERROR - Regression training error: '>' not supported between instances of 'NoneType' and 'int'
2025-04-20 22:42:29,168 - src.utils.logger - ERROR - Pipeline failed: '>' not supported between instances of 'NoneType' and 'int'
2025-04-20 22:56:07,096 - src.utils.logger - INFO - Starting network path optimization pipeline
2025-04-20 22:56:07,300 - src.utils.logger - INFO - Initial DataFrame shape: (8000, 18)
2025-04-20 22:56:08,083 - src.utils.logger - INFO - path_cost column created successfully
2025-04-20 22:56:08,083 - src.utils.logger - INFO - path_cost head: 0     9.100349
1    23.716037
2     6.594627
3     9.917995
4    12.279684
Name: path_cost, dtype: float64
2025-04-20 22:56:08,112 - src.utils.logger - INFO - Feature correlation with is_best:
local_pref                     0.457446
bandwidth                      0.273276
bandwidth_log                  0.231585
is_TenGigabitEthernet          0.226920
route_stability_log            0.167128
jitter_log                     0.163954
rtt_log                        0.162507
route_stability                0.150693
rtt                            0.145583
latency                        0.144338
jitter                         0.143365
is_FastEthernet                0.129340
ospf_state                     0.124436
packet_loss                    0.116535
latency_packet_loss            0.115796
queue_length                   0.114282
as_path_length                 0.098090
is_GigabitEthernet             0.098035
utilization_queue              0.097771
latency_bandwidth_ratio_log    0.096849
resource_usage                 0.071745
cpu_usage                      0.069954
latency_bandwidth_ratio        0.056262
memory_usage                   0.048405
bandwidth_utilization          0.017953
Name: is_best, dtype: float64
2025-04-20 22:56:08,113 - src.utils.logger - INFO - Feature correlation with path_cost:
route_stability                0.952647
rtt_log                        0.947795
rtt                            0.944011
latency                        0.938375
jitter                         0.932276
jitter_log                     0.914892
route_stability_log            0.914120
latency_packet_loss            0.883806
packet_loss                    0.801202
queue_length                   0.668898
utilization_queue              0.660253
latency_bandwidth_ratio_log    0.628922
latency_bandwidth_ratio        0.477613
bandwidth_utilization          0.473245
bandwidth_log                  0.436353
bandwidth                      0.306991
resource_usage                 0.202367
cpu_usage                      0.192418
memory_usage                   0.145452
is_FastEthernet                0.143418
is_TenGigabitEthernet          0.119965
as_path_length                 0.032274
ospf_state                     0.023942
is_GigabitEthernet             0.023071
local_pref                     0.002863
Name: path_cost, dtype: float64
2025-04-20 22:56:08,114 - src.utils.logger - INFO - FastEthernet packet_loss: mean=9.6323, std=15.7401
2025-04-20 22:56:08,116 - src.utils.logger - INFO - GigabitEthernet packet_loss: mean=10.1476, std=16.3647
2025-04-20 22:56:08,116 - src.utils.logger - INFO - TenGigabitEthernet packet_loss: mean=9.9872, std=16.1360
2025-04-20 22:56:08,117 - src.utils.logger - INFO - packet_loss statistics: mean=9.9232, std=16.0827
2025-04-20 22:56:08,118 - src.utils.logger - INFO - packet_loss quantiles: 0.25     0.0000
0.50     1.8150
0.75    13.6125
0.95    50.0105
Name: packet_loss, dtype: float64
2025-04-20 22:56:08,118 - src.utils.logger - INFO - High packet loss (>10): 2169 samples, 27.11%
2025-04-20 22:56:08,162 - src.utils.logger - INFO - Generated data summary:
       as_path_length   local_pref  ...  utilization_queue    path_cost
count     8000.000000  8000.000000  ...        8000.000000  8000.000000
mean         1.664250   111.183750  ...        3373.148172    16.217712
std          0.790158    36.567792  ...        5957.295207    10.352678
min          1.000000    80.000000  ...           0.000000     4.614100
25%          1.000000    90.000000  ...         163.229475     8.806696
50%          1.000000   100.000000  ...         467.502700    11.004160
75%          2.000000   120.000000  ...        2825.476050    25.547082
max          3.000000   250.000000  ...       28682.000000    67.725035

[8 rows x 27 columns]
2025-04-20 22:56:08,163 - src.utils.logger - INFO - is_best distribution: is_best
0    0.94425
1    0.05575
Name: proportion, dtype: float64
2025-04-20 22:56:08,163 - src.utils.logger - INFO - jitter summary: mean=13.2780, std=15.5285
2025-04-20 22:56:08,164 - src.utils.logger - INFO - rtt summary: mean=81.6526, std=63.7493
2025-04-20 22:56:08,164 - src.utils.logger - INFO - cpu_usage summary: mean=39.2443, std=18.2261
2025-04-20 22:56:08,164 - src.utils.logger - INFO - memory_usage summary: mean=45.8862, std=15.0145
2025-04-20 22:56:08,164 - src.utils.logger - INFO - queue_length summary: mean=43.0764, std=61.4370
2025-04-20 22:56:08,165 - src.utils.logger - INFO - route_stability summary: mean=4.7565, std=5.5243
2025-04-20 22:56:08,165 - src.utils.logger - INFO - latency_bandwidth_ratio summary: mean=0.8054, std=3.4216
2025-04-20 22:56:08,165 - src.utils.logger - INFO - path_cost summary: mean=16.2177, std=10.3527
2025-04-20 22:56:08,165 - src.utils.logger - INFO - Final DataFrame shape: (8000, 27)
2025-04-20 22:56:08,166 - src.utils.logger - INFO - Training classification model
2025-04-20 22:56:08,178 - src.utils.logger - INFO - Selected features for classification: ['local_pref', 'ospf_state', 'bandwidth', 'latency', 'packet_loss', 'jitter', 'rtt', 'queue_length', 'route_stability', 'is_FastEthernet', 'is_TenGigabitEthernet', 'bandwidth_log', 'jitter_log', 'rtt_log', 'route_stability_log', 'latency_packet_loss']
2025-04-20 22:56:08,436 - src.utils.logger - INFO - KS test for local_pref: stat=0.0010, p=1.0000
2025-04-20 22:56:08,437 - src.utils.logger - INFO - KS test for ospf_state: stat=0.0003, p=1.0000
2025-04-20 22:56:08,438 - src.utils.logger - INFO - KS test for bandwidth: stat=0.0006, p=1.0000
2025-04-20 22:56:08,440 - src.utils.logger - INFO - KS test for latency: stat=0.0006, p=1.0000
2025-04-20 22:56:08,442 - src.utils.logger - INFO - KS test for packet_loss: stat=0.0006, p=1.0000
2025-04-20 22:56:08,443 - src.utils.logger - INFO - KS test for jitter: stat=0.0007, p=1.0000
2025-04-20 22:56:08,445 - src.utils.logger - INFO - KS test for rtt: stat=0.0007, p=1.0000
2025-04-20 22:56:08,446 - src.utils.logger - INFO - KS test for queue_length: stat=0.0005, p=1.0000
2025-04-20 22:56:08,448 - src.utils.logger - INFO - KS test for route_stability: stat=0.0007, p=1.0000
2025-04-20 22:56:08,448 - src.utils.logger - INFO - KS test for is_FastEthernet: stat=0.0002, p=1.0000
2025-04-20 22:56:08,449 - src.utils.logger - INFO - KS test for is_TenGigabitEthernet: stat=0.0004, p=1.0000
2025-04-20 22:56:08,450 - src.utils.logger - INFO - KS test for bandwidth_log: stat=0.0006, p=1.0000
2025-04-20 22:56:08,452 - src.utils.logger - INFO - KS test for jitter_log: stat=0.0007, p=1.0000
2025-04-20 22:56:08,453 - src.utils.logger - INFO - KS test for rtt_log: stat=0.0007, p=1.0000
2025-04-20 22:56:08,456 - src.utils.logger - INFO - KS test for route_stability_log: stat=0.0007, p=1.0000
2025-04-20 22:56:08,457 - src.utils.logger - INFO - KS test for latency_packet_loss: stat=0.0007, p=1.0000
2025-04-20 22:56:08,459 - src.utils.logger - INFO - Classification data: y_train distribution: (array([0, 1]), array([4518, 2266]))
2025-04-20 22:56:08,544 - src.utils.logger - INFO - Class weights: {0: 1.0, 1: np.float64(1.496910856134157)}
2025-04-20 22:56:23,587 - src.utils.logger - INFO - Validation: Accuracy=0.9331, Precision=0.4531, Recall=0.9775
2025-04-20 22:56:23,721 - src.utils.logger - INFO - Test: Accuracy=0.9356, Precision=0.4632, Recall=0.9888
2025-04-20 22:56:23,878 - src.utils.logger - INFO - Optimal threshold (weighted F1): 0.8962, Weighted F1: 0.0004
2025-04-20 22:56:24,007 - src.utils.logger - INFO - Minority class (is_best=1) accuracy: 0.8989
2025-04-20 22:56:24,013 - src.utils.logger - INFO - Test Accuracy with optimal threshold: 0.8799
2025-04-20 22:56:24,468 - src.utils.logger - INFO - Saved plot to ./chart/Classification_6784.png
2025-04-20 22:56:24,748 - src.utils.logger - INFO - Saved PR/ROC plot to ./chart/Classification_pr_roc.png
2025-04-20 22:56:24,748 - src.utils.logger - INFO - Training regression model
2025-04-20 22:56:24,751 - src.utils.logger - INFO - After dropping NaN: Data shape=(8000, 27)
2025-04-20 22:56:24,763 - src.utils.logger - INFO - Selected features for regression: ['bandwidth', 'latency', 'packet_loss', 'jitter', 'rtt', 'cpu_usage', 'memory_usage', 'queue_length', 'bandwidth_utilization', 'route_stability', 'latency_bandwidth_ratio', 'is_FastEthernet', 'is_TenGigabitEthernet', 'bandwidth_log', 'jitter_log', 'rtt_log', 'resource_usage', 'route_stability_log', 'latency_bandwidth_ratio_log', 'latency_packet_loss', 'utilization_queue']
2025-04-20 22:56:24,771 - src.utils.logger - INFO - Regression data: y_train mean=0.0000, std=1.0000
2025-04-20 22:57:01,829 - src.utils.logger - INFO - Test R2: 0.9974
2025-04-20 22:57:02,116 - src.utils.logger - INFO - Saved plot to ./chart/Regression_4800.png
2025-04-20 22:57:02,117 - src.utils.logger - INFO - Pipeline completed successfully
2025-04-20 23:10:56,725 - src.utils.logger - INFO - Starting network path optimization pipeline
2025-04-20 23:10:57,243 - src.utils.logger - INFO - Initial DataFrame shape: (20000, 18)
2025-04-20 23:10:58,264 - src.utils.logger - INFO - Added packet_loss_log: mean=1.3428, std=1.3843
2025-04-20 23:10:58,267 - src.utils.logger - INFO - path_cost column created successfully
2025-04-20 23:10:58,268 - src.utils.logger - INFO - path_cost head: 0     9.403515
1     5.940607
2    10.748795
3     8.955835
4     9.079740
Name: path_cost, dtype: float64
2025-04-20 23:10:58,375 - src.utils.logger - INFO - Feature correlation with is_best:
local_pref                     0.459519
bandwidth                      0.277525
bandwidth_log                  0.237660
is_TenGigabitEthernet          0.232752
jitter_log                     0.166803
route_stability_log            0.165632
rtt_log                        0.163373
route_stability                0.150346
rtt                            0.146095
jitter                         0.145023
latency                        0.144829
is_FastEthernet                0.133830
packet_loss_log                0.126047
ospf_state                     0.122151
packet_loss                    0.115151
queue_length                   0.113704
latency_packet_loss            0.112961
as_path_length                 0.102799
latency_bandwidth_ratio_log    0.100241
is_GigabitEthernet             0.099338
utilization_queue              0.095323
resource_usage                 0.071590
cpu_usage                      0.064523
latency_bandwidth_ratio        0.060071
memory_usage                   0.057725
bandwidth_utilization          0.040916
Name: is_best, dtype: float64
2025-04-20 23:10:58,375 - src.utils.logger - INFO - Feature correlation with path_cost:
route_stability                0.952034
rtt_log                        0.946554
rtt                            0.942609
latency                        0.938143
jitter                         0.931173
jitter_log                     0.913067
route_stability_log            0.911603
latency_packet_loss            0.879919
packet_loss_log                0.819614
packet_loss                    0.801688
queue_length                   0.669789
utilization_queue              0.660805
latency_bandwidth_ratio_log    0.633546
latency_bandwidth_ratio        0.495450
bandwidth_utilization          0.456726
bandwidth_log                  0.432132
bandwidth                      0.301017
resource_usage                 0.196024
cpu_usage                      0.182667
memory_usage                   0.147141
is_FastEthernet                0.146837
is_TenGigabitEthernet          0.115306
as_path_length                 0.044216
is_GigabitEthernet             0.031422
ospf_state                     0.005525
local_pref                     0.000964
Name: path_cost, dtype: float64
2025-04-20 23:10:58,378 - src.utils.logger - INFO - FastEthernet packet_loss: mean=9.2532, std=15.4708
2025-04-20 23:10:58,379 - src.utils.logger - INFO - GigabitEthernet packet_loss: mean=9.5169, std=15.6218
2025-04-20 23:10:58,381 - src.utils.logger - INFO - TenGigabitEthernet packet_loss: mean=9.7994, std=16.1571
2025-04-20 23:10:58,381 - src.utils.logger - INFO - packet_loss statistics: mean=9.5236, std=15.7544
2025-04-20 23:10:58,383 - src.utils.logger - INFO - packet_loss quantiles: 0.25     0.0000
0.50     1.7400
0.75    11.9125
0.95    49.9400
Name: packet_loss, dtype: float64
2025-04-20 23:10:58,385 - src.utils.logger - INFO - High packet loss (>10): 5188 samples, 25.94%
2025-04-20 23:10:58,466 - src.utils.logger - INFO - Generated data summary:
       as_path_length    local_pref  ...  utilization_queue     path_cost
count    20000.000000  20000.000000  ...       20000.000000  20000.000000
mean         1.668900    111.638500  ...        3210.102614     15.957709
std          0.789179     36.901062  ...        5746.146141     10.161124
min          1.000000     80.000000  ...           0.000000      4.928920
25%          1.000000     90.000000  ...         158.718375      8.786744
50%          1.000000    100.000000  ...         449.140900     10.894314
75%          2.000000    120.000000  ...        2750.126750     24.701872
max          3.000000    250.000000  ...       31092.000000     62.912074

[8 rows x 28 columns]
2025-04-20 23:10:58,467 - src.utils.logger - INFO - is_best distribution: is_best
0    0.941
1    0.059
Name: proportion, dtype: float64
2025-04-20 23:10:58,468 - src.utils.logger - INFO - jitter summary: mean=12.9534, std=15.4060
2025-04-20 23:10:58,468 - src.utils.logger - INFO - rtt summary: mean=80.3829, std=62.7678
2025-04-20 23:10:58,468 - src.utils.logger - INFO - cpu_usage summary: mean=39.1381, std=18.3207
2025-04-20 23:10:58,470 - src.utils.logger - INFO - memory_usage summary: mean=46.1031, std=15.0910
2025-04-20 23:10:58,470 - src.utils.logger - INFO - queue_length summary: mean=41.4017, std=59.5666
2025-04-20 23:10:58,471 - src.utils.logger - INFO - route_stability summary: mean=4.6679, std=5.4580
2025-04-20 23:10:58,471 - src.utils.logger - INFO - latency_bandwidth_ratio summary: mean=0.7496, std=3.0741
2025-04-20 23:10:58,471 - src.utils.logger - INFO - path_cost summary: mean=15.9577, std=10.1611
2025-04-20 23:10:58,471 - src.utils.logger - INFO - Final DataFrame shape: (20000, 28)
2025-04-20 23:10:58,472 - src.utils.logger - INFO - Training classification model
2025-04-20 23:10:58,520 - src.utils.logger - INFO - Selected features for classification: ['as_path_length', 'local_pref', 'ospf_state', 'bandwidth', 'latency', 'packet_loss', 'jitter', 'rtt', 'queue_length', 'route_stability', 'is_FastEthernet', 'is_TenGigabitEthernet', 'bandwidth_log', 'jitter_log', 'rtt_log', 'route_stability_log', 'latency_bandwidth_ratio_log', 'latency_packet_loss', 'packet_loss_log']
2025-04-20 23:10:59,195 - src.utils.logger - INFO - KS test for as_path_length: stat=0.0001, p=1.0000
2025-04-20 23:10:59,226 - src.utils.logger - INFO - KS test for local_pref: stat=0.0003, p=1.0000
2025-04-20 23:10:59,229 - src.utils.logger - INFO - KS test for ospf_state: stat=0.0000, p=1.0000
2025-04-20 23:10:59,255 - src.utils.logger - INFO - KS test for bandwidth: stat=0.0001, p=1.0000
2025-04-20 23:10:59,281 - src.utils.logger - INFO - KS test for latency: stat=0.0002, p=1.0000
2025-04-20 23:10:59,299 - src.utils.logger - INFO - KS test for packet_loss: stat=0.0002, p=1.0000
2025-04-20 23:10:59,313 - src.utils.logger - INFO - KS test for jitter: stat=0.0001, p=1.0000
2025-04-20 23:10:59,327 - src.utils.logger - INFO - KS test for rtt: stat=0.0001, p=1.0000
2025-04-20 23:10:59,341 - src.utils.logger - INFO - KS test for queue_length: stat=0.0002, p=1.0000
2025-04-20 23:10:59,355 - src.utils.logger - INFO - KS test for route_stability: stat=0.0001, p=1.0000
2025-04-20 23:10:59,357 - src.utils.logger - INFO - KS test for is_FastEthernet: stat=0.0001, p=1.0000
2025-04-20 23:10:59,370 - src.utils.logger - INFO - KS test for is_TenGigabitEthernet: stat=0.0001, p=1.0000
2025-04-20 23:10:59,384 - src.utils.logger - INFO - KS test for bandwidth_log: stat=0.0001, p=1.0000
2025-04-20 23:10:59,400 - src.utils.logger - INFO - KS test for jitter_log: stat=0.0001, p=1.0000
2025-04-20 23:10:59,417 - src.utils.logger - INFO - KS test for rtt_log: stat=0.0001, p=1.0000
2025-04-20 23:10:59,433 - src.utils.logger - INFO - KS test for route_stability_log: stat=0.0001, p=1.0000
2025-04-20 23:10:59,448 - src.utils.logger - INFO - KS test for latency_bandwidth_ratio_log: stat=0.0002, p=1.0000
2025-04-20 23:10:59,466 - src.utils.logger - INFO - KS test for latency_packet_loss: stat=0.0002, p=1.0000
2025-04-20 23:10:59,481 - src.utils.logger - INFO - KS test for packet_loss_log: stat=0.0002, p=1.0000
2025-04-20 23:10:59,483 - src.utils.logger - INFO - Classification data: y_train distribution: (array([0, 1]), array([11283,  9033]))
2025-04-20 23:10:59,610 - src.utils.logger - INFO - Class weights: {0: 1.0, 1: np.float64(1.1245433410826968)}
2025-04-20 23:12:21,702 - src.utils.logger - INFO - Validation: Accuracy=0.9585, Precision=0.5902, Recall=0.9703
2025-04-20 23:12:22,124 - src.utils.logger - INFO - Test: Accuracy=0.9613, Precision=0.6074, Recall=0.9703
2025-04-20 23:12:22,536 - src.utils.logger - INFO - Optimal threshold (weighted F1): 0.9772, Weighted F1: 0.0008
2025-04-20 23:12:22,944 - src.utils.logger - INFO - Test Accuracy with optimal threshold: 0.9081
2025-04-20 23:12:23,467 - src.utils.logger - INFO - Saved plot to ./chart/Classification_20316.png
2025-04-20 23:12:24,126 - src.utils.logger - INFO - Saved PR/ROC plot to ./chart/Classification_pr_roc.png
2025-04-20 23:12:24,126 - src.utils.logger - INFO - Training regression model
2025-04-20 23:12:24,130 - src.utils.logger - INFO - After dropping NaN: Data shape=(20000, 28)
2025-04-20 23:12:24,169 - src.utils.logger - INFO - Selected features for regression: ['bandwidth', 'latency', 'packet_loss', 'jitter', 'rtt', 'cpu_usage', 'memory_usage', 'queue_length', 'bandwidth_utilization', 'route_stability', 'latency_bandwidth_ratio', 'is_FastEthernet', 'is_TenGigabitEthernet', 'bandwidth_log', 'jitter_log', 'rtt_log', 'resource_usage', 'route_stability_log', 'latency_bandwidth_ratio_log', 'latency_packet_loss', 'packet_loss_log', 'utilization_queue']
2025-04-20 23:12:24,187 - src.utils.logger - INFO - Regression data: y_train mean=-0.0000, std=1.0000
2025-04-20 23:14:51,005 - src.utils.logger - INFO - Test R2: 0.9973
2025-04-20 23:14:51,337 - src.utils.logger - INFO - Saved plot to ./chart/Regression_12000.png
2025-04-20 23:14:51,338 - src.utils.logger - INFO - Pipeline completed successfully
